<?xml version="1.0" encoding="UTF-8"?>
<testng-results ignored="0" total="1" passed="1" failed="0" skipped="0">
  <reporter-output>
  </reporter-output>
  <suite started-at="2019-10-19T08:18:14Z" name="Default suite" finished-at="2019-10-19T08:18:31Z" duration-ms="16267">
    <groups>
    </groups>
    <test started-at="2019-10-19T08:18:14Z" name="Default test" finished-at="2019-10-19T08:18:31Z" duration-ms="16267">
      <class name="NewToursAutomation.RegistrationModule">
        <test-method is-config="true" signature="beforeMethod()[pri:0, instance:NewToursAutomation.RegistrationModule@4ef37659]" started-at="2019-10-19T08:18:14Z" name="beforeMethod" finished-at="2019-10-19T08:18:24Z" duration-ms="9910" status="PASS">
          <reporter-output>
          </reporter-output>
        </test-method> <!-- beforeMethod -->
        <test-method signature="registerUser()[pri:0, instance:NewToursAutomation.RegistrationModule@4ef37659]" started-at="2019-10-19T08:18:24Z" name="registerUser" finished-at="2019-10-19T08:18:31Z" duration-ms="6310" status="PASS">
          <reporter-output>
          </reporter-output>
        </test-method> <!-- registerUser -->
        <test-method is-config="true" signature="afterMethod()[pri:0, instance:NewToursAutomation.RegistrationModule@4ef37659]" started-at="2019-10-19T08:18:31Z" name="afterMethod" finished-at="2019-10-19T08:18:31Z" duration-ms="0" status="PASS">
          <reporter-output>
          </reporter-output>
        </test-method> <!-- afterMethod -->
      </class> <!-- NewToursAutomation.RegistrationModule -->
    </test> <!-- Default test -->
  </suite> <!-- Default suite -->
</testng-results>
