<?xml version="1.0" encoding="UTF-8"?>
<testng-results ignored="0" total="2" passed="1" failed="1" skipped="0">
  <reporter-output>
  </reporter-output>
  <suite started-at="2019-11-03T12:42:44Z" name="Default suite" finished-at="2019-11-03T12:43:13Z" duration-ms="28778">
    <groups>
    </groups>
    <test started-at="2019-11-03T12:42:44Z" name="Default test" finished-at="2019-11-03T12:43:13Z" duration-ms="28778">
      <class name="NewToursAutomation.RegistrationModule">
        <test-method is-config="true" signature="beforeClass()[pri:0, instance:NewToursAutomation.RegistrationModule@e1de817]" started-at="2019-11-03T12:42:44Z" name="beforeClass" finished-at="2019-11-03T12:43:02Z" duration-ms="17689" status="PASS">
          <reporter-output>
          </reporter-output>
        </test-method> <!-- beforeClass -->
        <test-method signature="registerUser()[pri:0, instance:NewToursAutomation.RegistrationModule@e1de817]" started-at="2019-11-03T12:43:02Z" name="registerUser" finished-at="2019-11-03T12:43:06Z" duration-ms="4311" status="PASS">
          <reporter-output>
          </reporter-output>
        </test-method> <!-- registerUser -->
        <test-method is-config="true" signature="afterMethod()[pri:0, instance:NewToursAutomation.RegistrationModule@e1de817]" started-at="2019-11-03T12:43:06Z" name="afterMethod" finished-at="2019-11-03T12:43:06Z" duration-ms="1" status="PASS">
          <reporter-output>
          </reporter-output>
        </test-method> <!-- afterMethod -->
        <test-method signature="testTwo()[pri:0, instance:NewToursAutomation.RegistrationModule@e1de817]" started-at="2019-11-03T12:43:06Z" name="testTwo" finished-at="2019-11-03T12:43:13Z" duration-ms="6705" status="FAIL">
          <exception class="java.lang.NullPointerException">
            <full-stacktrace>
              <![CDATA[java.lang.NullPointerException
at NewToursAutomation.SignInPageObject.userIDTextBox(SignInPageObject.java:24)
at NewToursAutomation.SignInPageObject.userID_EnterText(SignInPageObject.java:31)
at NewToursAutomation.RegistrationModule.testTwo(RegistrationModule.java:46)
at java.base/jdk.internal.reflect.NativeMethodAccessorImpl.invoke0(Native Method)
at java.base/jdk.internal.reflect.NativeMethodAccessorImpl.invoke(NativeMethodAccessorImpl.java:62)
at java.base/jdk.internal.reflect.DelegatingMethodAccessorImpl.invoke(DelegatingMethodAccessorImpl.java:43)
at java.base/java.lang.reflect.Method.invoke(Method.java:564)
at org.testng.internal.MethodInvocationHelper.invokeMethod(MethodInvocationHelper.java:124)
at org.testng.internal.Invoker.invokeMethod(Invoker.java:583)
at org.testng.internal.Invoker.invokeTestMethod(Invoker.java:719)
at org.testng.internal.Invoker.invokeTestMethods(Invoker.java:989)
at org.testng.internal.TestMethodWorker.invokeTestMethods(TestMethodWorker.java:125)
at org.testng.internal.TestMethodWorker.run(TestMethodWorker.java:109)
at org.testng.TestRunner.privateRun(TestRunner.java:648)
at org.testng.TestRunner.run(TestRunner.java:505)
at org.testng.SuiteRunner.runTest(SuiteRunner.java:455)
at org.testng.SuiteRunner.runSequentially(SuiteRunner.java:450)
at org.testng.SuiteRunner.privateRun(SuiteRunner.java:415)
at org.testng.SuiteRunner.run(SuiteRunner.java:364)
at org.testng.SuiteRunnerWorker.runSuite(SuiteRunnerWorker.java:52)
at org.testng.SuiteRunnerWorker.run(SuiteRunnerWorker.java:84)
at org.testng.TestNG.runSuitesSequentially(TestNG.java:1208)
at org.testng.TestNG.runSuitesLocally(TestNG.java:1137)
at org.testng.TestNG.runSuites(TestNG.java:1049)
at org.testng.TestNG.run(TestNG.java:1017)
at org.testng.remote.AbstractRemoteTestNG.run(AbstractRemoteTestNG.java:115)
at org.testng.remote.RemoteTestNG.initAndRun(RemoteTestNG.java:251)
at org.testng.remote.RemoteTestNG.main(RemoteTestNG.java:77)
]]>
            </full-stacktrace>
          </exception> <!-- java.lang.NullPointerException -->
          <reporter-output>
          </reporter-output>
        </test-method> <!-- testTwo -->
        <test-method is-config="true" signature="afterMethod()[pri:0, instance:NewToursAutomation.RegistrationModule@e1de817]" started-at="2019-11-03T12:43:13Z" name="afterMethod" finished-at="2019-11-03T12:43:13Z" duration-ms="0" status="PASS">
          <reporter-output>
          </reporter-output>
        </test-method> <!-- afterMethod -->
      </class> <!-- NewToursAutomation.RegistrationModule -->
    </test> <!-- Default test -->
  </suite> <!-- Default suite -->
</testng-results>
