<?xml version="1.0" encoding="UTF-8"?>
<!-- Generated by org.testng.reporters.JUnitXMLReporter -->
<testsuite ignored="0" hostname="DESKTOP-OFLP1R2" failures="1" tests="2" name="Test" time="24.055" errors="0" timestamp="23 Oct 2019 02:32:00 GMT">
  <testcase classname="NewToursAutomation.RegistrationModule" name="registerUser" time="2.615"/>
  <testcase classname="NewToursAutomation.RegistrationModule" name="testTwo" time="2.368">
    <failure type="java.lang.NullPointerException">
      <![CDATA[java.lang.NullPointerException
at NewToursAutomation.SignInPageObject.userIDTextBox(SignInPageObject.java:24)
at NewToursAutomation.SignInPageObject.userID_EnterText(SignInPageObject.java:31)
at NewToursAutomation.RegistrationModule.testTwo(RegistrationModule.java:45)
... Removed 25 stack frames]]>
    </failure>
  </testcase> <!-- testTwo -->
</testsuite> <!-- Test -->
